Error from server (NotFound): pods "jctest-validators-0" not found
Forwarding from 127.0.0.1:8545 -> 8545
Forwarding from [::1]:8545 -> 8545
Handling connection for 8545
Handling connection for 8545
Handling connection for 8545
Handling connection for 8545
Handling connection for 8545
Handling connection for 8545
Handling connection for 8545
Handling connection for 8545
Handling connection for 8545
Handling connection for 8545
Handling connection for 8545
Handling connection for 8545
Handling connection for 8545
Handling connection for 8545
Handling connection for 8545
Handling connection for 8545
Handling connection for 8545
Handling connection for 8545
Handling connection for 8545
Handling connection for 8545
E0902 16:03:10.270869    8904 portforward.go:233] lost connection to pod
